<?xml version="1.0" encoding="UTF-8"?>
<testsuite name="IosSauceTest" tests="1" skipped="0" failures="0" errors="0" timestamp="2017-04-25T14:51:37" hostname="Laurents-MacBook-Pro.local" time="206.396">
  <properties/>
  <testcase name="goToLoginScreen" classname="IosSauceTest" time="206.396"/>
  <system-out><![CDATA[]]></system-out>
  <system-err><![CDATA[]]></system-err>
</testsuite>
